<?xml version="1.0" encoding="UTF-8"?>
<testng-results ignored="0" total="1" passed="1" failed="0" skipped="0">
  <reporter-output>
  </reporter-output>
  <suite started-at="2022-12-22T16:54:44 GMT-05:00" name="Default suite" finished-at="2022-12-22T16:54:44 GMT-05:00" duration-ms="86">
    <groups>
    </groups>
    <test started-at="2022-12-22T16:54:44 GMT-05:00" name="Default test" finished-at="2022-12-22T16:54:44 GMT-05:00" duration-ms="86">
      <class name="com.qa.test.LoginTest">
        <test-method signature="test1()[pri:0, instance:com.qa.test.LoginTest@4b8ee4de]" started-at="2022-12-22T16:54:44 GMT-05:00" name="test1" finished-at="2022-12-22T16:54:44 GMT-05:00" duration-ms="16" status="PASS">
          <reporter-output>
          </reporter-output>
        </test-method> <!-- test1 -->
      </class> <!-- com.qa.test.LoginTest -->
    </test> <!-- Default test -->
  </suite> <!-- Default suite -->
</testng-results>
